<?xml version="1.0" encoding="UTF-8"?>
<!-- Generated by org.testng.reporters.JUnitReportReporter -->
<testsuite hostname="Fleapos-MacBook-Air.local" failures="0" tests="2" name="TestCases.TC_01_SignupTest" time="19.266" errors="0" timestamp="2023-10-10T17:53:22 IST" skipped="0">
  <testcase classname="TestCases.TC_01_SignupTest" name="test_ValidSignup" time="15.222"/>
  <testcase classname="TestCases.TC_01_SignupTest" name="test_VerifyCompleteSignup" time="4.044"/>
</testsuite> <!-- TestCases.TC_01_SignupTest -->
