<?xml version="1.0" encoding="UTF-8"?>
<!-- Generated by org.testng.reporters.JUnitReportReporter -->
<testsuite hostname="Fleapos-MacBook-Air.local" failures="0" tests="1" name="TestCases.TC_05_Onboarding_PersonalInfo" time="42.734" errors="0" timestamp="2023-09-27T13:26:17 IST" skipped="0">
  <testcase classname="TestCases.TC_05_Onboarding_PersonalInfo" name="test_ValidOnboarding_personalInfo" time="42.734"/>
</testsuite> <!-- TestCases.TC_05_Onboarding_PersonalInfo -->
