<?xml version="1.0" encoding="UTF-8"?>
<!-- Generated by org.testng.reporters.JUnitReportReporter -->
<testsuite hostname="Fleapos-MacBook-Air.local" failures="0" tests="1" name="TestCases.TC_09_Onboarding_AddIncome" time="67.540" errors="0" timestamp="2023-10-10T17:01:52 IST" skipped="0">
  <testcase classname="TestCases.TC_09_Onboarding_AddIncome" name="test_ValidOnboarding_addIncome" time="67.540"/>
</testsuite> <!-- TestCases.TC_09_Onboarding_AddIncome -->
