<?xml version="1.0" encoding="UTF-8"?>
<!-- Generated by org.testng.reporters.JUnitReportReporter -->
<testsuite hostname="Fleapos-MacBook-Air.local" failures="0" tests="5" name="TestCases.TC_02_SigninDDT" time="1.435" errors="0" timestamp="2023-09-25T15:36:48 IST" skipped="0">
  <testcase classname="TestCases.TC_02_SigninDDT" name="test_WithoutInput" time="0.279"/>
  <testcase classname="TestCases.TC_02_SigninDDT" name="test_SigninDataDrivenTest" time="0.292"/>
  <testcase classname="TestCases.TC_02_SigninDDT" name="test_SigninDataDrivenTest" time="0.287"/>
  <testcase classname="TestCases.TC_02_SigninDDT" name="test_SigninDataDrivenTest" time="0.280"/>
  <testcase classname="TestCases.TC_02_SigninDDT" name="test_SigninDataDrivenTest" time="0.297"/>
</testsuite> <!-- TestCases.TC_02_SigninDDT -->
