<?xml version="1.0" encoding="UTF-8"?>
<!-- Generated by org.testng.reporters.JUnitReportReporter -->
<testsuite hostname="Fleapos-MacBook-Air.local" failures="0" tests="2" name="TestCases.TC_05_ResetPassword" time="11.733" errors="0" timestamp="2023-09-27T16:44:51 IST" skipped="0">
  <testcase classname="TestCases.TC_05_ResetPassword" name="test_ResetPassword" time="8.593"/>
  <testcase classname="TestCases.TC_05_ResetPassword" name="test_VerifyResetPassword" time="3.140"/>
</testsuite> <!-- TestCases.TC_05_ResetPassword -->
