<?xml version="1.0" encoding="UTF-8"?>
<!-- Generated by org.testng.reporters.JUnitReportReporter -->
<testsuite hostname="Fleapos-MacBook-Air.local" failures="0" tests="2" name="TestCases.TC_03_SignupTest" time="18.140" errors="0" timestamp="2023-09-25T13:37:03 IST" skipped="0">
  <testcase classname="TestCases.TC_03_SignupTest" name="test_ValidSignup" time="15.095"/>
  <testcase classname="TestCases.TC_03_SignupTest" name="test_VerifyCompleteSignup" time="3.045"/>
</testsuite> <!-- TestCases.TC_03_SignupTest -->
